<?xml version="1.0" encoding="UTF-8"?>
<!-- Generated by org.testng.reporters.JUnitReportReporter -->
<testsuite hostname="LAPTOP-7587MS6E" failures="0" tests="2" name="cucumber.TestNGTestRunner" time="27.195" errors="0" timestamp="2024-01-27T20:36:49 IST" skipped="0">
  <testcase classname="cucumber.TestNGTestRunner" name="runScenario" time="16.936"/>
  <system-out/>
  <testcase classname="cucumber.TestNGTestRunner" name="runScenario" time="10.259"/>
  <system-out/>
</testsuite> <!-- cucumber.TestNGTestRunner -->
