<?xml version="1.0" encoding="UTF-8"?>
<!-- Generated by org.testng.reporters.JUnitReportReporter -->
<testsuite hostname="LAPTOP-7587MS6E" failures="0" tests="1" name="rahulshettyacademy.tests.ErrorValidations" time="7.936" errors="0" timestamp="2023-12-25T22:01:14 IST" skipped="0">
  <testcase classname="rahulshettyacademy.tests.ErrorValidations" name="submitOrder" time="7.936"/>
</testsuite> <!-- rahulshettyacademy.tests.ErrorValidations -->
