<?xml version="1.0" encoding="UTF-8"?>
<!-- Generated by org.testng.reporters.JUnitReportReporter -->
<testsuite hostname="LAPTOP-7587MS6E" failures="0" tests="2" name="rahulshettyacademy.tests.SubmitOrderTest" time="56.125" errors="0" timestamp="2024-01-06T17:06:31 IST" skipped="0">
  <testcase classname="rahulshettyacademy.tests.SubmitOrderTest" name="submitOrder" time="36.498"/>
  <testcase classname="rahulshettyacademy.tests.SubmitOrderTest" name="submitOrder" time="19.627"/>
</testsuite> <!-- rahulshettyacademy.tests.SubmitOrderTest -->
